Column vs Row oriented databases : https://youtu.be/Vw1fCeD06YI


Uderstading the query execution:
postgres=# explain analyze select * from phonebook where "firstname" ='rishi';
                                              QUERY PLAN
------------------------------------------------------------------------------------------------------
 Seq Scan on phonebook  (cost=0.00..12.38 rows=1 width=392) (actual time=0.006..0.007 rows=1 loops=1)
   Filter: ((firstname)::text = 'rishi'::text)
   Rows Removed by Filter: 12
 Planning Time: 0.075 ms
 Execution Time: 0.019 ms
(5 rows)
